Tue Dec 25 2018 21:48:04 GMT+0530 (IST)
Tue Dec 25 2018 21:49:46 GMT+0530 (IST) GET /about
Tue Dec 25 2018 21:50:26 GMT+0530 (IST) GET /about function status(code) {
  this.statusCode = code;
  return this;
}
Tue Dec 25 2018 21:50:39 GMT+0530 (IST) GET /about [object Object]
Tue Dec 25 2018 21:50:44 GMT+0530 (IST) GET /about [object Object]
Tue Dec 25 2018 21:50:54 GMT+0530 (IST) GET /about [object Object]
Tue Dec 25 2018 21:51:29 GMT+0530 (IST) GET /about function status(code) {
  this.statusCode = code;
  return this;
}
Tue Dec 25 2018 21:53:20 GMT+0530 (IST) GET /about 
Tue Dec 25 2018 21:53:24 GMT+0530 (IST) GET /about 
Tue Dec 25 2018 21:53:24 GMT+0530 (IST) GET /about 
Tue Dec 25 2018 21:53:24 GMT+0530 (IST) GET /about 
Tue Dec 25 2018 21:53:24 GMT+0530 (IST) GET /about 
Tue Dec 25 2018 21:53:25 GMT+0530 (IST) GET /about 
Tue Dec 25 2018 21:53:25 GMT+0530 (IST) GET /about 
Tue Dec 25 2018 21:53:25 GMT+0530 (IST) GET /about 
Tue Dec 25 2018 21:53:25 GMT+0530 (IST) GET /about 
Tue Dec 25 2018 21:55:23 GMT+0530 (IST) GET /about 
Tue Dec 25 2018 21:56:51 GMT+0530 (IST) GET /about 
Tue Dec 25 2018 21:57:03 GMT+0530 (IST) GET /about 
Tue Dec 25 2018 22:03:10 GMT+0530 (IST) GET /about 
Tue Dec 25 2018 22:03:43 GMT+0530 (IST) GET /about 
Tue Dec 25 2018 22:04:50 GMT+0530 (IST) GET /about 
